#
# There is insufficient memory for the Java Runtime Environment to continue.
# Native memory allocation (mmap) failed to map 12288 bytes for committing reserved memory.
# Possible reasons:
#   The system is out of physical RAM or swap space
#   In 32 bit mode, the process size limit was hit
# Possible solutions:
#   Reduce memory load on the system
#   Increase physical memory or swap space
#   Check if swap backing store is full
#   Use 64 bit Java on a 64 bit OS
#   Decrease Java heap size (-Xmx/-Xms)
#   Decrease number of Java threads
#   Decrease Java thread stack sizes (-Xss)
#   Set larger code cache with -XX:ReservedCodeCacheSize=
# This output file may be truncated or incomplete.
#
#  Out of Memory Error (os_linux.cpp:2640), pid=6517, tid=0x00007f278abc1700
#
# JRE version: Java(TM) SE Runtime Environment (8.0_171-b11) (build 1.8.0_171-b11)
# Java VM: Java HotSpot(TM) 64-Bit Server VM (25.171-b11 mixed mode linux-amd64 compressed oops)
# Failed to write core dump. Core dumps have been disabled. To enable core dumping, try "ulimit -c unlimited" before starting Java again
#

---------------  T H R E A D  ---------------

Current thread (0x00007f278400b000):  JavaThread "Unknown thread" [_thread_in_vm, id=6519, stack(0x00007f278aac1000,0x00007f278abc2000)]

Stack: [0x00007f278aac1000,0x00007f278abc2000],  sp=0x00007f278abc0990,  free space=1022k
Native frames: (J=compiled Java code, j=interpreted, Vv=VM code, C=native code)
V  [libjvm.so+0xacfffa]  VMError::report_and_die()+0x2ba
V  [libjvm.so+0x5005cb]  report_vm_out_of_memory(char const*, int, unsigned long, VMErrorType, char const*)+0x8b
V  [libjvm.so+0x92dd93]  os::Linux::commit_memory_impl(char*, unsigned long, bool)+0x123
V  [libjvm.so+0x92de5c]  os::pd_commit_memory(char*, unsigned long, bool)+0xc
V  [libjvm.so+0x925f4a]  os::commit_memory(char*, unsigned long, bool)+0x2a
V  [libjvm.so+0x929c7f]  os::pd_create_stack_guard_pages(char*, unsigned long)+0x7f
V  [libjvm.so+0xa7503e]  JavaThread::create_stack_guard_pages()+0x5e
V  [libjvm.so+0x6d6b04]  attach_current_thread+0xb4
V  [libjvm.so+0x6d3a18]  jni_DestroyJavaVM+0x58
C  [libjli.so+0x7b5d]  JavaMain+0x27d
C  [libpthread.so.0+0x76ba]  start_thread+0xca


---------------  P R O C E S S  ---------------

Java Threads: ( => current thread )
  0x00007f2784114000 JavaThread "Thread-0" [_thread_blocked, id=6531, stack(0x00007f277150e000,0x00007f277160f000)]
  0x00007f27840d7800 JavaThread "Service Thread" daemon [_thread_blocked, id=6529, stack(0x00007f27730fe000,0x00007f27731ff000)]
  0x00007f27840b2000 JavaThread "C1 CompilerThread1" daemon [_thread_blocked, id=6528, stack(0x00007f27731ff000,0x00007f2773300000)]
  0x00007f27840b0000 JavaThread "C2 CompilerThread0" daemon [_thread_blocked, id=6527, stack(0x00007f2773300000,0x00007f2773401000)]
  0x00007f27840ae800 JavaThread "Signal Dispatcher" daemon [_thread_blocked, id=6526, stack(0x00007f2773401000,0x00007f2773502000)]
  0x00007f278407b800 JavaThread "Finalizer" daemon [_thread_blocked, id=6525, stack(0x00007f277391a000,0x00007f2773a1b000)]
  0x00007f2784077000 JavaThread "Reference Handler" daemon [_thread_blocked, id=6524, stack(0x00007f2773a1b000,0x00007f2773b1c000)]

Other Threads:
  0x00007f278406f800 VMThread [stack: 0x00007f2773b1c000,0x00007f2773c1d000] [id=6523]
  0x00007f27840dd000 WatcherThread [stack: 0x00007f2772ffd000,0x00007f27730fe000] [id=6530]

=>0x00007f278400b000 (exited) JavaThread "Unknown thread" [_thread_in_vm, id=6519, stack(0x00007f278aac1000,0x00007f278abc2000)]

VM state:not at safepoint (normal execution)

VM Mutex/Monitor currently owned by a thread: None

Heap:
 def new generation   total 9792K, used 2613K [0x00000000e0c00000, 0x00000000e16a0000, 0x00000000eb2a0000)
  eden space 8704K,  30% used [0x00000000e0c00000, 0x00000000e0e8d738, 0x00000000e1480000)
  from space 1088K,   0% used [0x00000000e1480000, 0x00000000e1480000, 0x00000000e1590000)
  to   space 1088K,   0% used [0x00000000e1590000, 0x00000000e1590000, 0x00000000e16a0000)
 tenured generation   total 21888K, used 0K [0x00000000eb2a0000, 0x00000000ec800000, 0x0000000100000000)
   the space 21888K,   0% used [0x00000000eb2a0000, 0x00000000eb2a0000, 0x00000000eb2a0200, 0x00000000ec800000)
 Metaspace       used 4212K, capacity 4748K, committed 4864K, reserved 1056768K
  class space    used 464K, capacity 500K, committed 512K, reserved 1048576K

Card table byte_map: [0x00007f2774717000,0x00007f2774812000] byte_map_base: 0x00007f2774011000

Polling page: 0x00007f278abe0000

CodeCache: size=245760Kb used=1564Kb max_used=1564Kb free=244195Kb
 bounds [0x00007f2774bd2000, 0x00007f2774e42000, 0x00007f2783bd2000]
 total_blobs=511 nmethods=249 adapters=176
 compilation: enabled

Compilation events (10 events):
Event: 8.895 Thread 0x00007f27840b2000 nmethod 251 0x00007f2774d50510 code [0x00007f2774d50b40, 0x00007f2774d553d8]
Event: 8.895 Thread 0x00007f27840b2000  248       1       java.lang.StringCoding$StringDecoder::requestedCharsetName (5 bytes)
Event: 8.895 Thread 0x00007f27840b2000 nmethod 248 0x00007f2774d4dc10 code [0x00007f2774d4dd60, 0x00007f2774d4de70]
Event: 8.895 Thread 0x00007f27840b2000  245       3       java.lang.StringCoding::deref (19 bytes)
Event: 8.895 Thread 0x00007f27840b2000 nmethod 245 0x00007f2774d4d510 code [0x00007f2774d4d6a0, 0x00007f2774d4dae0]
Event: 8.895 Thread 0x00007f27840b2000  246       3       java.lang.ThreadLocal::get (38 bytes)
Event: 8.896 Thread 0x00007f27840b2000 nmethod 246 0x00007f2774d58850 code [0x00007f2774d589e0, 0x00007f2774d58d10]
Event: 8.896 Thread 0x00007f27840b2000  250       1       java.nio.charset.Charset::name (5 bytes)
Event: 8.896 Thread 0x00007f27840b2000 nmethod 250 0x00007f2774d4d1d0 code [0x00007f2774d4d320, 0x00007f2774d4d430]
Event: 9.740 Thread 0x00007f27840b2000  252       1       java.nio.Buffer::position (5 bytes)

GC Heap History (0 events):
No events

Deoptimization events (1 events):
Event: 2.299 Thread 0x00007f278400b000 Uncommon trap: reason=unstable_if action=reinterpret pc=0x00007f2774cef184 method=org.rosuda.JRI.Rengine.<init>([Ljava/lang/String;ZLorg/rosuda/JRI/RMainLoopCallbacks;)V @ 78

Classes redefined (0 events):
No events

Internal exceptions (10 events):
Event: 2.496 Thread 0x00007f278400b000 Exception <a 'java/security/PrivilegedActionException'> (0x00000000e0d09070) thrown at [/HUDSON/workspace/8-2-build-linux-amd64/jdk8u171/10807/hotspot/src/share/vm/prims/jvm.cpp, line 1435]
Event: 2.499 Thread 0x00007f278400b000 Exception <a 'java/security/PrivilegedActionException'> (0x00000000e0d0b4d8) thrown at [/HUDSON/workspace/8-2-build-linux-amd64/jdk8u171/10807/hotspot/src/share/vm/prims/jvm.cpp, line 1435]
Event: 2.499 Thread 0x00007f278400b000 Exception <a 'java/security/PrivilegedActionException'> (0x00000000e0d0b6e8) thrown at [/HUDSON/workspace/8-2-build-linux-amd64/jdk8u171/10807/hotspot/src/share/vm/prims/jvm.cpp, line 1435]
Event: 4.051 Thread 0x00007f278400b000 Exception <a 'java/lang/NoSuchFieldError': method resolution failed> (0x00000000e0ddb0b0) thrown at [/HUDSON/workspace/8-2-build-linux-amd64/jdk8u171/10807/hotspot/src/share/vm/prims/methodHandles.cpp, line 1167]
Event: 5.219 Thread 0x00007f278400b000 Exception <a 'java/lang/NoSuchFieldError': method resolution failed> (0x00000000e0de8b60) thrown at [/HUDSON/workspace/8-2-build-linux-amd64/jdk8u171/10807/hotspot/src/share/vm/prims/methodHandles.cpp, line 1167]
Event: 9.411 Thread 0x00007f278400b000 Exception <a 'java/lang/UnsatisfiedLinkError'> (0x00000000e0e69608) thrown at [/HUDSON/workspace/8-2-build-linux-amd64/jdk8u171/10807/hotspot/src/share/vm/prims/jvm.cpp, line 4028]
Event: 9.412 Thread 0x00007f278400b000 Exception <a 'java/lang/UnsatisfiedLinkError'> (0x00000000e0e69608) thrown at [/HUDSON/workspace/8-2-build-linux-amd64/jdk8u171/10807/hotspot/src/share/vm/prims/jni.cpp, line 709]
Event: 9.489 Thread 0x00007f278400b000 Exception <a 'java/lang/UnsatisfiedLinkError'> (0x00000000e0e69608) thrown at [/HUDSON/workspace/8-2-build-linux-amd64/jdk8u171/10807/hotspot/src/share/vm/prims/jni.cpp, line 709]
Event: 9.525 Thread 0x00007f278400b000 Exception <a 'java/lang/UnsatisfiedLinkError'> (0x00000000e0e69608) thrown at [/HUDSON/workspace/8-2-build-linux-amd64/jdk8u171/10807/hotspot/src/share/vm/prims/jvm.cpp, line 1439]
Event: 9.529 Thread 0x00007f278400b000 Exception <a 'java/lang/UnsatisfiedLinkError'> (0x00000000e0e69608) thrown at [/HUDSON/workspace/8-2-build-linux-amd64/jdk8u171/10807/hotspot/src/share/vm/oops/instanceKlass.cpp, line 959]

Events (10 events):
Event: 8.885 loading class java/util/Collections$UnmodifiableMap done
Event: 9.638 loading class java/lang/Throwable$WrappedPrintStream
Event: 9.656 loading class java/lang/Throwable$PrintStreamOrWriter
Event: 9.657 loading class java/lang/Throwable$PrintStreamOrWriter done
Event: 9.663 loading class java/lang/Throwable$WrappedPrintStream done
Event: 9.667 loading class java/util/IdentityHashMap
Event: 9.674 loading class java/util/IdentityHashMap done
Event: 9.676 loading class java/util/IdentityHashMap$KeySet
Event: 9.676 loading class java/util/IdentityHashMap$KeySet done
Event: 9.737 Thread 0x00007f278400b000 Thread exited: 0x00007f278400b000


Dynamic libraries:
00400000-00401000 r-xp 00000000 08:01 708773                             /usr/lib/jvm/java-8-oracle/bin/java
00600000-00601000 rw-p 00000000 08:01 708773                             /usr/lib/jvm/java-8-oracle/bin/java
018a9000-018ca000 rw-p 00000000 00:00 0                                  [heap]
e0c00000-e16a0000 rw-p 00000000 00:00 0 
e16a0000-eb2a0000 ---p 00000000 00:00 0 
eb2a0000-ec800000 rw-p 00000000 00:00 0 
ec800000-100000000 ---p 00000000 00:00 0 
100000000-100080000 rw-p 00000000 00:00 0 
100080000-140000000 ---p 00000000 00:00 0 
7f2752e45000-7f2752e99000 r-xp 00000000 08:01 710541                     /usr/lib/jvm/java-8-oracle/jre/lib/amd64/libawt_xawt.so
7f2752e99000-7f2753099000 ---p 00054000 08:01 710541                     /usr/lib/jvm/java-8-oracle/jre/lib/amd64/libawt_xawt.so
7f275309d000-7f275309e000 r-xp 00258000 08:01 710541                     /usr/lib/jvm/java-8-oracle/jre/lib/amd64/libawt_xawt.so
7f275309e000-7f27530f2000 r-xp 00000000 08:01 710541                     /usr/lib/jvm/java-8-oracle/jre/lib/amd64/libawt_xawt.so
7f27530f2000-7f27532f2000 ---p 00054000 08:01 710541                     /usr/lib/jvm/java-8-oracle/jre/lib/amd64/libawt_xawt.so
7f27532f6000-7f27532f7000 r-xp 00258000 08:01 710541                     /usr/lib/jvm/java-8-oracle/jre/lib/amd64/libawt_xawt.so
7f27535c9000-7f2753607000 r-xp 00000000 08:01 141171                     /usr/lib/x86_64-linux-gnu/libquadmath.so.0.0.0
7f2753607000-7f2753806000 ---p 0003e000 08:01 141171                     /usr/lib/x86_64-linux-gnu/libquadmath.so.0.0.0
7f2753806000-7f2753807000 r--p 0003d000 08:01 141171                     /usr/lib/x86_64-linux-gnu/libquadmath.so.0.0.0
7f2753807000-7f2753808000 rw-p 0003e000 08:01 141171                     /usr/lib/x86_64-linux-gnu/libquadmath.so.0.0.0
7f2753808000-7f2753dfc000 r-xp 00000000 08:01 415134                     /usr/lib/lapack/liblapack.so.3.6.0
7f2753dfc000-7f2753ffb000 ---p 005f4000 08:01 415134                     /usr/lib/lapack/liblapack.so.3.6.0
7f2753ffb000-7f2753ffc000 r--p 005f3000 08:01 415134                     /usr/lib/lapack/liblapack.so.3.6.0
7f2753ffc000-7f2754000000 rw-p 005f4000 08:01 415134                     /usr/lib/lapack/liblapack.so.3.6.0
7f2754000000-7f275422c000 rw-p 00000000 00:00 0 
7f275422c000-7f2758000000 ---p 00000000 00:00 0 
7f2758000000-7f2759bd2000 rw-p 00000000 00:00 0 
7f2759bd2000-7f275c000000 ---p 00000000 00:00 0 
7f275c000000-7f275c021000 rw-p 00000000 00:00 0 
7f275c021000-7f2760000000 ---p 00000000 00:00 0 
7f2760000000-7f27600b4000 rw-p 00000000 00:00 0 
7f27600b4000-7f2764000000 ---p 00000000 00:00 0 
7f2764000000-7f2764021000 rw-p 00000000 00:00 0 
7f2764021000-7f2768000000 ---p 00000000 00:00 0 
7f2768000000-7f2768021000 rw-p 00000000 00:00 0 
7f2768021000-7f276c000000 ---p 00000000 00:00 0 
7f276c000000-7f276c021000 rw-p 00000000 00:00 0 
7f276c021000-7f2770000000 ---p 00000000 00:00 0 
7f2770096000-7f27700ac000 r-xp 00000000 08:01 661384                     /lib/x86_64-linux-gnu/libgcc_s.so.1
7f27700ac000-7f27702ab000 ---p 00016000 08:01 661384                     /lib/x86_64-linux-gnu/libgcc_s.so.1
7f27702ab000-7f27702ac000 rw-p 00015000 08:01 661384                     /lib/x86_64-linux-gnu/libgcc_s.so.1
7f27702ac000-7f27703d5000 r-xp 00000000 08:01 133455                     /usr/lib/x86_64-linux-gnu/libgfortran.so.3.0.0
7f27703d5000-7f27705d4000 ---p 00129000 08:01 133455                     /usr/lib/x86_64-linux-gnu/libgfortran.so.3.0.0
7f27705d4000-7f27705d5000 r--p 00128000 08:01 133455                     /usr/lib/x86_64-linux-gnu/libgfortran.so.3.0.0
7f27705d5000-7f27705d7000 rw-p 00129000 08:01 133455                     /usr/lib/x86_64-linux-gnu/libgfortran.so.3.0.0
7f27705d7000-7f2770617000 r-xp 00000000 08:01 422631                     /usr/lib/R/library/graphics/libs/graphics.so
7f2770617000-7f2770816000 ---p 00040000 08:01 422631                     /usr/lib/R/library/graphics/libs/graphics.so
7f2770816000-7f2770817000 r--p 0003f000 08:01 422631                     /usr/lib/R/library/graphics/libs/graphics.so
7f2770817000-7f2770818000 rw-p 00040000 08:01 422631                     /usr/lib/R/library/graphics/libs/graphics.so
7f2770818000-7f277084d000 r-xp 00000000 08:01 414312                     /usr/lib/R/library/grDevices/libs/grDevices.so
7f277084d000-7f2770a4c000 ---p 00035000 08:01 414312                     /usr/lib/R/library/grDevices/libs/grDevices.so
7f2770a4c000-7f2770a51000 r--p 00034000 08:01 414312                     /usr/lib/R/library/grDevices/libs/grDevices.so
7f2770a51000-7f2770a53000 rw-p 00039000 08:01 414312                     /usr/lib/R/library/grDevices/libs/grDevices.so
7f2770a53000-7f2770a54000 rw-p 00000000 00:00 0 
7f2770a54000-7f2770a5e000 r-xp 00000000 08:01 414148                     /usr/lib/R/library/utils/libs/utils.so
7f2770a5e000-7f2770c5e000 ---p 0000a000 08:01 414148                     /usr/lib/R/library/utils/libs/utils.so
7f2770c5e000-7f2770c5f000 r--p 0000a000 08:01 414148                     /usr/lib/R/library/utils/libs/utils.so
7f2770c5f000-7f2770c60000 rw-p 0000b000 08:01 414148                     /usr/lib/R/library/utils/libs/utils.so
7f2770c60000-7f2770c61000 rw-p 00000000 00:00 0 
7f2770d1f000-7f2770d46000 r--p 00000000 08:01 411888                     /usr/share/locale-langpack/ko/LC_MESSAGES/libc.mo
7f2770d46000-7f2770de8000 r-xp 00000000 08:01 414173                     /usr/lib/R/library/stats/libs/stats.so
7f2770de8000-7f2770fe8000 ---p 000a2000 08:01 414173                     /usr/lib/R/library/stats/libs/stats.so
7f2770fe8000-7f2770fea000 r--p 000a2000 08:01 414173                     /usr/lib/R/library/stats/libs/stats.so
7f2770fea000-7f2770feb000 rw-p 000a4000 08:01 414173                     /usr/lib/R/library/stats/libs/stats.so
7f2770feb000-7f2770fec000 rw-p 00000000 00:00 0 
7f2770fec000-7f2770ff7000 r--p 00000000 08:01 418532                     /usr/lib/R/library/translations/ko/LC_MESSAGES/R-base.mo
7f2770ff7000-7f2770fff000 r-xp 00000000 08:01 422613                     /usr/lib/R/library/methods/libs/methods.so
7f2770fff000-7f27711fe000 ---p 00008000 08:01 422613                     /usr/lib/R/library/methods/libs/methods.so
7f27711fe000-7f27711ff000 r--p 00007000 08:01 422613                     /usr/lib/R/library/methods/libs/methods.so
7f27711ff000-7f2771200000 rw-p 00008000 08:01 422613                     /usr/lib/R/library/methods/libs/methods.so
7f2771200000-7f277150e000 rw-p 00000000 00:00 0 
7f277150e000-7f2771511000 ---p 00000000 00:00 0 
7f2771511000-7f277160f000 rw-p 00000000 00:00 0 
7f277160f000-7f2771634000 r-xp 00000000 08:01 661518                     /lib/x86_64-linux-gnu/libtinfo.so.5.9
7f2771634000-7f2771833000 ---p 00025000 08:01 661518                     /lib/x86_64-linux-gnu/libtinfo.so.5.9
7f2771833000-7f2771837000 r--p 00024000 08:01 661518                     /lib/x86_64-linux-gnu/libtinfo.so.5.9
7f2771837000-7f2771838000 rw-p 00028000 08:01 661518                     /lib/x86_64-linux-gnu/libtinfo.so.5.9
7f2771838000-7f2771859000 r-xp 00000000 08:01 141173                     /usr/lib/x86_64-linux-gnu/libgomp.so.1.0.0
7f2771859000-7f2771a58000 ---p 00021000 08:01 141173                     /usr/lib/x86_64-linux-gnu/libgomp.so.1.0.0
7f2771a58000-7f2771a59000 r--p 00020000 08:01 141173                     /usr/lib/x86_64-linux-gnu/libgomp.so.1.0.0
7f2771a59000-7f2771a5a000 rw-p 00021000 08:01 141173                     /usr/lib/x86_64-linux-gnu/libgomp.so.1.0.0
7f2771a5a000-7f2771a73000 r-xp 00000000 08:01 661537                     /lib/x86_64-linux-gnu/libz.so.1.2.8
7f2771a73000-7f2771c72000 ---p 00019000 08:01 661537                     /lib/x86_64-linux-gnu/libz.so.1.2.8
7f2771c72000-7f2771c73000 r--p 00018000 08:01 661537                     /lib/x86_64-linux-gnu/libz.so.1.2.8
7f2771c73000-7f2771c74000 rw-p 00019000 08:01 661537                     /lib/x86_64-linux-gnu/libz.so.1.2.8
7f2771c74000-7f2771c83000 r-xp 00000000 08:01 661345                     /lib/x86_64-linux-gnu/libbz2.so.1.0.4
7f2771c83000-7f2771e82000 ---p 0000f000 08:01 661345                     /lib/x86_64-linux-gnu/libbz2.so.1.0.4
7f2771e82000-7f2771e83000 r--p 0000e000 08:01 661345                     /lib/x86_64-linux-gnu/libbz2.so.1.0.4
7f2771e83000-7f2771e84000 rw-p 0000f000 08:01 661345                     /lib/x86_64-linux-gnu/libbz2.so.1.0.4
7f2771e84000-7f2771ea5000 r-xp 00000000 08:01 661413                     /lib/x86_64-linux-gnu/liblzma.so.5.0.0
7f2771ea5000-7f27720a4000 ---p 00021000 08:01 661413                     /lib/x86_64-linux-gnu/liblzma.so.5.0.0
7f27720a4000-7f27720a5000 r--p 00020000 08:01 661413                     /lib/x86_64-linux-gnu/liblzma.so.5.0.0
7f27720a5000-7f27720a6000 rw-p 00021000 08:01 661413                     /lib/x86_64-linux-gnu/liblzma.so.5.0.0
7f27720a6000-7f2772114000 r-xp 00000000 08:01 661475                     /lib/x86_64-linux-gnu/libpcre.so.3.13.2
7f2772114000-7f2772314000 ---p 0006e000 08:01 661475                     /lib/x86_64-linux-gnu/libpcre.so.3.13.2
7f2772314000-7f2772315000 r--p 0006e000 08:01 661475                     /lib/x86_64-linux-gnu/libpcre.so.3.13.2
7f2772315000-7f2772316000 rw-p 0006f000 08:01 661475                     /lib/x86_64-linux-gnu/libpcre.so.3.13.2
7f2772316000-7f2772353000 r-xp 00000000 08:01 661497                     /lib/x86_64-linux-gnu/libreadline.so.6.3
7f2772353000-7f2772553000 ---p 0003d000 08:01 661497                     /lib/x86_64-linux-gnu/libreadline.so.6.3
7f2772553000-7f2772555000 r--p 0003d000 08:01 661497                     /lib/x86_64-linux-gnu/libreadline.so.6.3
7f2772555000-7f277255b000 rw-p 0003f000 08:01 661497                     /lib/x86_64-linux-gnu/libreadline.so.6.3
7f277255b000-7f277255c000 rw-p 00000000 00:00 0 
7f277255c000-7f27725ca000 r-xp 00000000 08:01 415109                     /usr/lib/libblas/libblas.so.3.6.0
7f27725ca000-7f27727c9000 ---p 0006e000 08:01 415109                     /usr/lib/libblas/libblas.so.3.6.0
7f27727c9000-7f27727ca000 r--p 0006d000 08:01 415109                     /usr/lib/libblas/libblas.so.3.6.0
7f27727ca000-7f27727cb000 rw-p 0006e000 08:01 415109                     /usr/lib/libblas/libblas.so.3.6.0
7f27727cb000-7f2772a7a000 r-xp 00000000 08:01 422663                     /usr/lib/R/lib/libR.so
7f2772a7a000-7f2772c7a000 ---p 002af000 08:01 422663                     /usr/lib/R/lib/libR.so
7f2772c7a000-7f2772c97000 r--p 002af000 08:01 422663                     /usr/lib/R/lib/libR.so
7f2772c97000-7f2772ca2000 rw-p 002cc000 08:01 422663                     /usr/lib/R/lib/libR.so
7f2772ca2000-7f2772df3000 rw-p 00000000 00:00 0 
7f2772df3000-7f2772dfc000 r-xp 00000000 08:01 133614                     /usr/lib/libjri.so
7f2772dfc000-7f2772ffb000 ---p 00009000 08:01 133614                     /usr/lib/libjri.so
7f2772ffb000-7f2772ffc000 r--p 00008000 08:01 133614                     /usr/lib/libjri.so
7f2772ffc000-7f2772ffd000 rw-p 00009000 08:01 133614                     /usr/lib/libjri.so
7f2772ffd000-7f2772ffe000 ---p 00000000 00:00 0 
7f2772ffe000-7f27730fe000 rw-p 00000000 00:00 0 
7f27730fe000-7f2773101000 ---p 00000000 00:00 0 
7f2773101000-7f27731ff000 rw-p 00000000 00:00 0 
7f27731ff000-7f2773202000 ---p 00000000 00:00 0 
7f2773202000-7f2773300000 rw-p 00000000 00:00 0 
7f2773300000-7f2773303000 ---p 00000000 00:00 0 
7f2773303000-7f2773401000 rw-p 00000000 00:00 0 
7f2773401000-7f2773404000 ---p 00000000 00:00 0 
7f2773404000-7f2773502000 rw-p 00000000 00:00 0 
7f2773502000-7f277391a000 r--p 00000000 08:01 137970                     /usr/lib/locale/locale-archive
7f277391a000-7f277391d000 ---p 00000000 00:00 0 
7f277391d000-7f2773a1b000 rw-p 00000000 00:00 0 
7f2773a1b000-7f2773a1e000 ---p 00000000 00:00 0 
7f2773a1e000-7f2773b1c000 rw-p 00000000 00:00 0 
7f2773b1c000-7f2773b1d000 ---p 00000000 00:00 0 
7f2773b1d000-7f2773c6c000 rw-p 00000000 00:00 0 
7f2773c6c000-7f2773e46000 r--s 03d68000 08:01 710310                     /usr/lib/jvm/java-8-oracle/jre/lib/rt.jar
7f2773e46000-7f2774357000 rw-p 00000000 00:00 0 
7f2774357000-7f2774717000 ---p 00000000 00:00 0 
7f2774717000-7f277471d000 rw-p 00000000 00:00 0 
7f277471d000-7f277476a000 ---p 00000000 00:00 0 
7f277476a000-7f2774775000 rw-p 00000000 00:00 0 
7f2774775000-7f2774811000 ---p 00000000 00:00 0 
7f2774811000-7f277481c000 rw-p 00000000 00:00 0 
7f277481c000-7f2774bd2000 ---p 00000000 00:00 0 
7f2774bd2000-7f2774e42000 rwxp 00000000 00:00 0 
7f2774e42000-7f2783bd2000 ---p 00000000 00:00 0 
7f2783bd2000-7f2783bed000 r-xp 00000000 08:01 710530                     /usr/lib/jvm/java-8-oracle/jre/lib/amd64/libzip.so
7f2783bed000-7f2783ded000 ---p 0001b000 08:01 710530                     /usr/lib/jvm/java-8-oracle/jre/lib/amd64/libzip.so
7f2783ded000-7f2783dee000 rw-p 0001b000 08:01 710530                     /usr/lib/jvm/java-8-oracle/jre/lib/amd64/libzip.so
7f2783dee000-7f2783df9000 r-xp 00000000 08:01 680296                     /lib/x86_64-linux-gnu/libnss_files-2.23.so
7f2783df9000-7f2783ff8000 ---p 0000b000 08:01 680296                     /lib/x86_64-linux-gnu/libnss_files-2.23.so
7f2783ff8000-7f2783ff9000 r--p 0000a000 08:01 680296                     /lib/x86_64-linux-gnu/libnss_files-2.23.so
7f2783ff9000-7f2783ffa000 rw-p 0000b000 08:01 680296                     /lib/x86_64-linux-gnu/libnss_files-2.23.so
7f2783ffa000-7f2784000000 rw-p 00000000 00:00 0 
7f2784000000-7f27843f1000 rw-p 00000000 00:00 0 
7f27843f1000-7f2788000000 ---p 00000000 00:00 0 
7f2788009000-7f2788031000 r--p 00000000 08:01 418615                     /usr/lib/R/library/translations/ko/LC_MESSAGES/R.mo
7f2788031000-7f2788044000 r--s 00345000 08:01 710314                     /usr/lib/jvm/java-8-oracle/jre/lib/resources.jar
7f2788044000-7f278804f000 r-xp 00000000 08:01 680365                     /lib/x86_64-linux-gnu/libnss_nis-2.23.so
7f278804f000-7f278824e000 ---p 0000b000 08:01 680365                     /lib/x86_64-linux-gnu/libnss_nis-2.23.so
7f278824e000-7f278824f000 r--p 0000a000 08:01 680365                     /lib/x86_64-linux-gnu/libnss_nis-2.23.so
7f278824f000-7f2788250000 rw-p 0000b000 08:01 680365                     /lib/x86_64-linux-gnu/libnss_nis-2.23.so
7f2788250000-7f2788266000 r-xp 00000000 08:01 662990                     /lib/x86_64-linux-gnu/libnsl-2.23.so
7f2788266000-7f2788465000 ---p 00016000 08:01 662990                     /lib/x86_64-linux-gnu/libnsl-2.23.so
7f2788465000-7f2788466000 r--p 00015000 08:01 662990                     /lib/x86_64-linux-gnu/libnsl-2.23.so
7f2788466000-7f2788467000 rw-p 00016000 08:01 662990                     /lib/x86_64-linux-gnu/libnsl-2.23.so
7f2788467000-7f2788469000 rw-p 00000000 00:00 0 
7f2788469000-7f2788471000 r-xp 00000000 08:01 680188                     /lib/x86_64-linux-gnu/libnss_compat-2.23.so
7f2788471000-7f2788670000 ---p 00008000 08:01 680188                     /lib/x86_64-linux-gnu/libnss_compat-2.23.so
7f2788670000-7f2788671000 r--p 00007000 08:01 680188                     /lib/x86_64-linux-gnu/libnss_compat-2.23.so
7f2788671000-7f2788672000 rw-p 00008000 08:01 680188                     /lib/x86_64-linux-gnu/libnss_compat-2.23.so
7f2788672000-7f278869d000 r-xp 00000000 08:01 710524                     /usr/lib/jvm/java-8-oracle/jre/lib/amd64/libjava.so
7f278869d000-7f278889c000 ---p 0002b000 08:01 710524                     /usr/lib/jvm/java-8-oracle/jre/lib/amd64/libjava.so
7f278889c000-7f278889e000 rw-p 0002a000 08:01 710524                     /usr/lib/jvm/java-8-oracle/jre/lib/amd64/libjava.so
7f278889e000-7f27888ab000 r-xp 00000000 08:01 710529                     /usr/lib/jvm/java-8-oracle/jre/lib/amd64/libverify.so
7f27888ab000-7f2788aab000 ---p 0000d000 08:01 710529                     /usr/lib/jvm/java-8-oracle/jre/lib/amd64/libverify.so
7f2788aab000-7f2788aad000 rw-p 0000d000 08:01 710529                     /usr/lib/jvm/java-8-oracle/jre/lib/amd64/libverify.so
7f2788aad000-7f2788ab4000 r-xp 00000000 08:01 680379                     /lib/x86_64-linux-gnu/librt-2.23.so
7f2788ab4000-7f2788cb3000 ---p 00007000 08:01 680379                     /lib/x86_64-linux-gnu/librt-2.23.so
7f2788cb3000-7f2788cb4000 r--p 00006000 08:01 680379                     /lib/x86_64-linux-gnu/librt-2.23.so
7f2788cb4000-7f2788cb5000 rw-p 00007000 08:01 680379                     /lib/x86_64-linux-gnu/librt-2.23.so
7f2788cb5000-7f2788dbd000 r-xp 00000000 08:01 662989                     /lib/x86_64-linux-gnu/libm-2.23.so
7f2788dbd000-7f2788fbc000 ---p 00108000 08:01 662989                     /lib/x86_64-linux-gnu/libm-2.23.so
7f2788fbc000-7f2788fbd000 r--p 00107000 08:01 662989                     /lib/x86_64-linux-gnu/libm-2.23.so
7f2788fbd000-7f2788fbe000 rw-p 00108000 08:01 662989                     /lib/x86_64-linux-gnu/libm-2.23.so
7f2788fbe000-7f2789c97000 r-xp 00000000 08:01 710506                     /usr/lib/jvm/java-8-oracle/jre/lib/amd64/server/libjvm.so
7f2789c97000-7f2789e96000 ---p 00cd9000 08:01 710506                     /usr/lib/jvm/java-8-oracle/jre/lib/amd64/server/libjvm.so
7f2789e96000-7f2789f70000 rw-p 00cd8000 08:01 710506                     /usr/lib/jvm/java-8-oracle/jre/lib/amd64/server/libjvm.so
7f2789f70000-7f2789fbb000 rw-p 00000000 00:00 0 
7f2789fbb000-7f278a17b000 r-xp 00000000 08:01 679760                     /lib/x86_64-linux-gnu/libc-2.23.so
7f278a17b000-7f278a37b000 ---p 001c0000 08:01 679760                     /lib/x86_64-linux-gnu/libc-2.23.so
7f278a37b000-7f278a37f000 r--p 001c0000 08:01 679760                     /lib/x86_64-linux-gnu/libc-2.23.so
7f278a37f000-7f278a381000 rw-p 001c4000 08:01 679760                     /lib/x86_64-linux-gnu/libc-2.23.so
7f278a381000-7f278a385000 rw-p 00000000 00:00 0 
7f278a385000-7f278a388000 r-xp 00000000 08:01 679859                     /lib/x86_64-linux-gnu/libdl-2.23.so
7f278a388000-7f278a587000 ---p 00003000 08:01 679859                     /lib/x86_64-linux-gnu/libdl-2.23.so
7f278a587000-7f278a588000 r--p 00002000 08:01 679859                     /lib/x86_64-linux-gnu/libdl-2.23.so
7f278a588000-7f278a589000 rw-p 00003000 08:01 679859                     /lib/x86_64-linux-gnu/libdl-2.23.so
7f278a589000-7f278a59f000 r-xp 00000000 08:01 710135                     /usr/lib/jvm/java-8-oracle/lib/amd64/jli/libjli.so
7f278a59f000-7f278a79e000 ---p 00016000 08:01 710135                     /usr/lib/jvm/java-8-oracle/lib/amd64/jli/libjli.so
7f278a79e000-7f278a79f000 rw-p 00015000 08:01 710135                     /usr/lib/jvm/java-8-oracle/lib/amd64/jli/libjli.so
7f278a79f000-7f278a7b7000 r-xp 00000000 08:01 679759                     /lib/x86_64-linux-gnu/libpthread-2.23.so
7f278a7b7000-7f278a9b6000 ---p 00018000 08:01 679759                     /lib/x86_64-linux-gnu/libpthread-2.23.so
7f278a9b6000-7f278a9b7000 r--p 00017000 08:01 679759                     /lib/x86_64-linux-gnu/libpthread-2.23.so
7f278a9b7000-7f278a9b8000 rw-p 00018000 08:01 679759                     /lib/x86_64-linux-gnu/libpthread-2.23.so
7f278a9b8000-7f278a9bc000 rw-p 00000000 00:00 0 
7f278a9bc000-7f278a9e2000 r-xp 00000000 08:01 679623                     /lib/x86_64-linux-gnu/ld-2.23.so
7f278a9e6000-7f278a9ed000 r--s 00000000 08:01 267101                     /usr/lib/x86_64-linux-gnu/gconv/gconv-modules.cache
7f278a9ed000-7f278a9f2000 r--s 00084000 08:01 710227                     /usr/lib/jvm/java-8-oracle/jre/lib/jfr.jar
7f278a9f2000-7f278aa25000 rw-p 00000000 00:00 0 
7f278aa25000-7f278aac1000 ---p 00000000 00:00 0 
7f278aac4000-7f278abc7000 rw-p 00000000 00:00 0 
7f278abc8000-7f278abca000 r--s 00013000 08:01 816969                     /home/lhs/R/x86_64-pc-linux-gnu-library/3.2/rJava/jri/JRI.jar
7f278abca000-7f278abcf000 r--s 002f9000 08:01 710308                     /usr/lib/jvm/java-8-oracle/jre/lib/charsets.jar
7f278abcf000-7f278abd2000 r--s 0001a000 08:01 710321                     /usr/lib/jvm/java-8-oracle/jre/lib/jce.jar
7f278abd2000-7f278abd7000 r--s 0009d000 08:01 710315                     /usr/lib/jvm/java-8-oracle/jre/lib/jsse.jar
7f278abd7000-7f278abdf000 rw-s 00000000 08:01 1071714                    /tmp/hsperfdata_lhs/6517
7f278abdf000-7f278abe0000 rw-p 00000000 00:00 0 
7f278abe0000-7f278abe1000 r--p 00000000 00:00 0 
7f278abe1000-7f278abe2000 r--p 00025000 08:01 679623                     /lib/x86_64-linux-gnu/ld-2.23.so
7f278abe2000-7f278abe3000 rw-p 00026000 08:01 679623                     /lib/x86_64-linux-gnu/ld-2.23.so
7f278abe3000-7f278abe4000 rw-p 00000000 00:00 0 
7ffd38130000-7ffd38151000 rw-p 00000000 00:00 0                          [stack]
7ffd381bd000-7ffd381c0000 r--p 00000000 00:00 0                          [vvar]
7ffd381c0000-7ffd381c2000 r-xp 00000000 00:00 0                          [vdso]
ffffffffff600000-ffffffffff601000 r-xp 00000000 00:00 0                  [vsyscall]

VM Arguments:
jvm_args: -Dfile.encoding=UTF-8 
java_command: Example
java_class_path (initial): /usr/lib/jvm/java-8-oracle/jre/lib/resources.jar:/usr/lib/jvm/java-8-oracle/jre/lib/rt.jar:/usr/lib/jvm/java-8-oracle/jre/lib/jsse.jar:/usr/lib/jvm/java-8-oracle/jre/lib/jce.jar:/usr/lib/jvm/java-8-oracle/jre/lib/charsets.jar:/usr/lib/jvm/java-8-oracle/jre/lib/jfr.jar:/usr/lib/jvm/java-8-oracle/jre/lib/ext/cldrdata.jar:/usr/lib/jvm/java-8-oracle/jre/lib/ext/dnsns.jar:/usr/lib/jvm/java-8-oracle/jre/lib/ext/zipfs.jar:/usr/lib/jvm/java-8-oracle/jre/lib/ext/jfxrt.jar:/usr/lib/jvm/java-8-oracle/jre/lib/ext/nashorn.jar:/usr/lib/jvm/java-8-oracle/jre/lib/ext/localedata.jar:/usr/lib/jvm/java-8-oracle/jre/lib/ext/sunjce_provider.jar:/usr/lib/jvm/java-8-oracle/jre/lib/ext/sunpkcs11.jar:/usr/lib/jvm/java-8-oracle/jre/lib/ext/sunec.jar:/usr/lib/jvm/java-8-oracle/jre/lib/ext/jaccess.jar:/home/lhs/eclipse-workspace/RInterlock/bin:/home/lhs/R/x86_64-pc-linux-gnu-library/3.2/rJava/jri/JRI.jar:/home/lhs/R/x86_64-pc-linux-gnu-library/3.2/rJava/jri/JRIEngine.jar:/home/lhs/R/x86_64-pc-linux-gnu-library/3.2/rJava/jri/REngine.jar
Launcher Type: SUN_STANDARD

Environment Variables:
JAVA_HOME=/usr/lib/jvm/java-8-oracle
PATH=/home/lhs/bin:/home/lhs/.local/bin:/usr/local/sbin:/usr/local/bin:/usr/sbin:/usr/bin:/sbin:/bin:/usr/games:/usr/local/games:/snap/bin:/usr/lib/jvm/java-8-oracle/bin:/usr/lib/jvm/java-8-oracle/db/bin:/usr/lib/jvm/java-8-oracle/jre/bin:/usr/lib/R/bin
SHELL=/bin/bash
DISPLAY=:0

Signal Handlers:
SIGSEGV: [libjvm.so+0xad0890], sa_mask[0]=11111111011111111101111111111110, sa_flags=SA_RESTART|SA_SIGINFO
SIGBUS: [libjvm.so+0xad0890], sa_mask[0]=11111111011111111101111111111110, sa_flags=SA_RESTART|SA_SIGINFO
SIGFPE: [libjvm.so+0x928640], sa_mask[0]=11111111011111111101111111111110, sa_flags=SA_RESTART|SA_SIGINFO
SIGPIPE: [libjvm.so+0x928640], sa_mask[0]=11111111011111111101111111111110, sa_flags=SA_RESTART|SA_SIGINFO
SIGXFSZ: [libjvm.so+0x928640], sa_mask[0]=11111111011111111101111111111110, sa_flags=SA_RESTART|SA_SIGINFO
SIGILL: [libjvm.so+0x928640], sa_mask[0]=11111111011111111101111111111110, sa_flags=SA_RESTART|SA_SIGINFO
SIGUSR1: SIG_DFL, sa_mask[0]=00000000000000000000000000000000, sa_flags=none
SIGUSR2: [libjvm.so+0x929ea0], sa_mask[0]=00100000000000000000000000000000, sa_flags=SA_RESTART|SA_SIGINFO
SIGHUP: [libjvm.so+0x92b2a0], sa_mask[0]=11111111011111111101111111111110, sa_flags=SA_RESTART|SA_SIGINFO
SIGINT: [libjvm.so+0x92b2a0], sa_mask[0]=11111111011111111101111111111110, sa_flags=SA_RESTART|SA_SIGINFO
SIGTERM: [libjvm.so+0x92b2a0], sa_mask[0]=11111111011111111101111111111110, sa_flags=SA_RESTART|SA_SIGINFO
SIGQUIT: [libjvm.so+0x92b2a0], sa_mask[0]=11111111011111111101111111111110, sa_flags=SA_RESTART|SA_SIGINFO


---------------  S Y S T E M  ---------------

OS:DISTRIB_ID=Ubuntu
DISTRIB_RELEASE=16.04
DISTRIB_CODENAME=xenial
DISTRIB_DESCRIPTION="Ubuntu 16.04.4 LTS"

uname:Linux 4.13.0-43-generic #48~16.04.1-Ubuntu SMP Thu May 17 12:56:46 UTC 2018 x86_64
libc:glibc 2.23 NPTL 2.23 
rlimit: STACK 8192k, CORE 0k, NPROC 7767, NOFILE 1048576, AS infinity
load average:3.55 1.84 1.24

/proc/meminfo:
MemTotal:        2041560 kB
MemFree:           52888 kB
MemAvailable:          0 kB
Buffers:             156 kB
Cached:            36192 kB
SwapCached:          740 kB
Active:          1388776 kB
Inactive:         465696 kB
Active(anon):    1384596 kB
Inactive(anon):   461536 kB
Active(file):       4180 kB
Inactive(file):     4160 kB
Unevictable:          64 kB
Mlocked:              64 kB
SwapTotal:       2095100 kB
SwapFree:              0 kB
Dirty:               400 kB
Writeback:           360 kB
AnonPages:       1817748 kB
Mapped:            28548 kB
Shmem:             28008 kB
Slab:              49728 kB
SReclaimable:      19976 kB
SUnreclaim:        29752 kB
KernelStack:       14608 kB
PageTables:        45876 kB
NFS_Unstable:          0 kB
Bounce:                0 kB
WritebackTmp:          0 kB
CommitLimit:     3115880 kB
Committed_AS:    8014244 kB
VmallocTotal:   34359738367 kB
VmallocUsed:           0 kB
VmallocChunk:          0 kB
HardwareCorrupted:     0 kB
AnonHugePages:         0 kB
ShmemHugePages:        0 kB
ShmemPmdMapped:        0 kB
CmaTotal:              0 kB
CmaFree:               0 kB
HugePages_Total:       0
HugePages_Free:        0
HugePages_Rsvd:        0
HugePages_Surp:        0
Hugepagesize:       2048 kB
DirectMap4k:      124864 kB
DirectMap2M:     1972224 kB


CPU:total 1 (initial active 1) (1 cores per cpu, 1 threads per core) family 6 model 142 stepping 9, cmov, cx8, fxsr, mmx, sse, sse2, sse3, ssse3, sse4.1, sse4.2, popcnt, avx, avx2, aes, clmul, 3dnowpref, lzcnt, tsc, tscinvbit

/proc/cpuinfo:
processor	: 0
vendor_id	: GenuineIntel
cpu family	: 6
model		: 142
model name	: Intel(R) Core(TM) i7-7500U CPU @ 2.70GHz
stepping	: 9
cpu MHz		: 2904.002
cache size	: 4096 KB
physical id	: 0
siblings	: 1
core id		: 0
cpu cores	: 1
apicid		: 0
initial apicid	: 0
fpu		: yes
fpu_exception	: yes
cpuid level	: 22
wp		: yes
flags		: fpu vme de pse tsc msr pae mce cx8 apic sep mtrr pge mca cmov pat pse36 clflush mmx fxsr sse sse2 syscall nx rdtscp lm constant_tsc rep_good nopl xtopology nonstop_tsc cpuid pni pclmulqdq monitor ssse3 cx16 sse4_1 sse4_2 x2apic movbe popcnt aes xsave avx rdrand hypervisor lahf_lm abm 3dnowprefetch pti retpoline rsb_ctxsw avx2 rdseed clflushopt
bugs		: cpu_meltdown spectre_v1 spectre_v2 spec_store_bypass
bogomips	: 5808.00
clflush size	: 64
cache_alignment	: 64
address sizes	: 39 bits physical, 48 bits virtual
power management:



Memory: 4k page, physical 2041560k(52892k free), swap 2095100k(0k free)

vm_info: Java HotSpot(TM) 64-Bit Server VM (25.171-b11) for linux-amd64 JRE (1.8.0_171-b11), built on Mar 28 2018 17:07:08 by "java_re" with gcc 4.3.0 20080428 (Red Hat 4.3.0-8)

time: Wed May 30 15:54:55 2018
elapsed time: 10 seconds (0d 0h 0m 10s)

